<html>
<head>
<title>TestNG:  Surefire test</title>
<link href="../testng.css" rel="stylesheet" type="text/css" />
<link href="../my-testng.css" rel="stylesheet" type="text/css" />

<style type="text/css">
.log { display: none;} 
.stack-trace { display: none;} 
</style>
<script type="text/javascript">
<!--
function flip(e) {
  current = e.style.display;
  if (current == 'block') {
    e.style.display = 'none';
    return 0;
  }
  else {
    e.style.display = 'block';
    return 1;
  }
}

function toggleBox(szDivId, elem, msg1, msg2)
{
  var res = -1;  if (document.getElementById) {
    res = flip(document.getElementById(szDivId));
  }
  else if (document.all) {
    // this is the way old msie versions work
    res = flip(document.all[szDivId]);
  }
  if(elem) {
    if(res == 0) elem.innerHTML = msg1; else elem.innerHTML = msg2;
  }

}

function toggleAllBoxes() {
  if (document.getElementsByTagName) {
    d = document.getElementsByTagName('div');
    for (i = 0; i < d.length; i++) {
      if (d[i].className == 'log') {
        flip(d[i]);
      }
    }
  }
}

// -->
</script>

</head>
<body>
<h2 align='center'>Surefire test</h2><table border='1' align="center">
<tr>
<td>Tests passed/Failed/Skipped:</td><td>16/3/0</td>
</tr><tr>
<td>Started on:</td><td>Tue Jan 10 06:24:57 EET 2023</td>
</tr>
<tr><td>Total time:</td><td>305 seconds (305966 ms)</td>
</tr><tr>
<td>Included groups:</td><td></td>
</tr><tr>
<td>Excluded groups:</td><td></td>
</tr>
</table><p/>
<small><i>(Hover the method name to see the test class name)</i></small><p/>
<table width='100%' border='1' class='invocation-failed'>
<tr><td colspan='4' align='center'><b>FAILED TESTS</b></td></tr>
<tr><td><b>Test method</b></td>
<td><b>Attribute(s)</b></td>
<td width="30%"><b>Exception</b></td>
<td width="10%"><b>Time (seconds)</b></td>
<td><b>Instance</b></td>
</tr>
<tr>
<td title='org.example.TestRunner.TestRunner.runScenario()'><b>runScenario</b><br>Test class: org.example.TestRunner.TestRunner<br>Test method: Runs Cucumber Scenarios<br>Parameters: "user opens the page of iPhone", "HomeSliders | user opens the page of the product of the slider"</td>
<td><div><pre>java.lang.AssertionError: Open iPhone Slider Page expected [https://demo.nopcommerce.com/] but found [https://demo.nopcommerce.com/iphone-6]
	at org.example.Steps.S07_HomeSliders.openIPhone(S07_HomeSliders.java:37)
	at ✽.iPhone page will open(file:///C:/Users/basma/IdeaProjects/E-CommerceWebsite/src/main/resources/Features/F07_HomeSliders.feature:10)
... Removed 5 stack frames</pre></div><a href='#' onClick='toggleBox("stack-trace668637515", this, "Click to show all stack frames", "Click to hide stack frames")'>Click to show all stack frames</a>
<div class='stack-trace' id='stack-trace668637515'><pre>java.lang.AssertionError: Open iPhone Slider Page expected [https://demo.nopcommerce.com/] but found [https://demo.nopcommerce.com/iphone-6]
	at org.testng.Assert.fail(Assert.java:110)
	at org.testng.Assert.failNotEquals(Assert.java:1577)
	at org.testng.Assert.assertEqualsImpl(Assert.java:149)
	at org.testng.Assert.assertEquals(Assert.java:131)
	at org.testng.Assert.assertEquals(Assert.java:655)
	at org.example.Steps.S07_HomeSliders.openIPhone(S07_HomeSliders.java:37)
	at ✽.iPhone page will open(file:///C:/Users/basma/IdeaProjects/E-CommerceWebsite/src/main/resources/Features/F07_HomeSliders.feature:10)
</pre></div></td>
<td>12</td>
<td>org.example.TestRunner.TestRunner@29176cc1</td></tr>
<tr>
<td title='org.example.TestRunner.TestRunner.runScenario()'><b>runScenario</b><br>Test class: org.example.TestRunner.TestRunner<br>Test method: Runs Cucumber Scenarios<br>Parameters: "user opens the page of Nokia Lumia 1020", "HomeSliders | user opens the page of the product of the slider"</td>
<td><div><pre>java.lang.AssertionError: Open Nokia SLider Page expected [https://demo.nopcommerce.com/] but found [https://demo.nopcommerce.com/nokia-lumia-1020]
	at org.example.Steps.S07_HomeSliders.openNokia(S07_HomeSliders.java:24)
	at ✽.nokia page will open(file:///C:/Users/basma/IdeaProjects/E-CommerceWebsite/src/main/resources/Features/F07_HomeSliders.feature:6)
... Removed 5 stack frames</pre></div><a href='#' onClick='toggleBox("stack-trace1162595263", this, "Click to show all stack frames", "Click to hide stack frames")'>Click to show all stack frames</a>
<div class='stack-trace' id='stack-trace1162595263'><pre>java.lang.AssertionError: Open Nokia SLider Page expected [https://demo.nopcommerce.com/] but found [https://demo.nopcommerce.com/nokia-lumia-1020]
	at org.testng.Assert.fail(Assert.java:110)
	at org.testng.Assert.failNotEquals(Assert.java:1577)
	at org.testng.Assert.assertEqualsImpl(Assert.java:149)
	at org.testng.Assert.assertEquals(Assert.java:131)
	at org.testng.Assert.assertEquals(Assert.java:655)
	at org.example.Steps.S07_HomeSliders.openNokia(S07_HomeSliders.java:24)
	at ✽.nokia page will open(file:///C:/Users/basma/IdeaProjects/E-CommerceWebsite/src/main/resources/Features/F07_HomeSliders.feature:6)
</pre></div></td>
<td>13</td>
<td>org.example.TestRunner.TestRunner@29176cc1</td></tr>
<tr>
<td title='org.example.TestRunner.TestRunner.runScenario()'><b>runScenario</b><br>Test class: org.example.TestRunner.TestRunner<br>Test method: Runs Cucumber Scenarios<br>Parameters: "user opens rss link", "FollowUs | check the functionality for followUp buttons"</td>
<td><div><pre>java.lang.IndexOutOfBoundsException: Index 1 out of bounds for length 1
	at java.base/jdk.internal.util.Preconditions.outOfBounds(Preconditions.java:100)
	at java.base/jdk.internal.util.Preconditions.outOfBoundsCheckIndex(Preconditions.java:106)
	at java.base/jdk.internal.util.Preconditions.checkIndex(Preconditions.java:302)
	at java.base/java.util.Objects.checkIndex(Objects.java:385)
	at java.base/java.util.ArrayList.get(ArrayList.java:427)
	at org.example.Steps.S08_FollowUs.newTab(S08_FollowUs.java:40)
	at ✽.&quot;https://demo.nopcommerce.com/new-online-store-is-open&quot; is opened in new tab(file:///C:/Users/basma/IdeaProjects/E-CommerceWebsite/src/main/resources/Features/F08_FollowUs.feature:14)
</pre></div><a href='#' onClick='toggleBox("stack-trace2061011390", this, "Click to show all stack frames", "Click to hide stack frames")'>Click to show all stack frames</a>
<div class='stack-trace' id='stack-trace2061011390'><pre>java.lang.IndexOutOfBoundsException: Index 1 out of bounds for length 1
	at java.base/jdk.internal.util.Preconditions.outOfBounds(Preconditions.java:100)
	at java.base/jdk.internal.util.Preconditions.outOfBoundsCheckIndex(Preconditions.java:106)
	at java.base/jdk.internal.util.Preconditions.checkIndex(Preconditions.java:302)
	at java.base/java.util.Objects.checkIndex(Objects.java:385)
	at java.base/java.util.ArrayList.get(ArrayList.java:427)
	at org.example.Steps.S08_FollowUs.newTab(S08_FollowUs.java:40)
	at ✽.&quot;https://demo.nopcommerce.com/new-online-store-is-open&quot; is opened in new tab(file:///C:/Users/basma/IdeaProjects/E-CommerceWebsite/src/main/resources/Features/F08_FollowUs.feature:14)
</pre></div></td>
<td>13</td>
<td>org.example.TestRunner.TestRunner@29176cc1</td></tr>
</table><p>
<table width='100%' border='1' class='invocation-passed'>
<tr><td colspan='4' align='center'><b>PASSED TESTS</b></td></tr>
<tr><td><b>Test method</b></td>
<td><b>Attribute(s)</b></td>
<td width="30%"><b>Exception</b></td>
<td width="10%"><b>Time (seconds)</b></td>
<td><b>Instance</b></td>
</tr>
<tr>
<td title='org.example.TestRunner.TestRunner.runScenario()'><b>runScenario</b><br>Test class: org.example.TestRunner.TestRunner<br>Test method: Runs Cucumber Scenarios<br>Parameters: "user login with valid email and password", "Login | user login to his account"</td>
<td></td>
<td>11</td>
<td>org.example.TestRunner.TestRunner@29176cc1</td></tr>
<tr>
<td title='org.example.TestRunner.TestRunner.runScenario()'><b>runScenario</b><br>Test class: org.example.TestRunner.TestRunner<br>Test method: Runs Cucumber Scenarios<br>Parameters: "user opens youtube link", "FollowUs | check the functionality for followUp buttons"</td>
<td></td>
<td>34</td>
<td>org.example.TestRunner.TestRunner@29176cc1</td></tr>
<tr>
<td title='org.example.TestRunner.TestRunner.runScenario()'><b>runScenario</b><br>Test class: org.example.TestRunner.TestRunner<br>Test method: Runs Cucumber Scenarios<br>Parameters: "user enters valid email", "ForgetPassword | user reset his password"</td>
<td></td>
<td>14</td>
<td>org.example.TestRunner.TestRunner@29176cc1</td></tr>
<tr>
<td title='org.example.TestRunner.TestRunner.runScenario()'><b>runScenario</b><br>Test class: org.example.TestRunner.TestRunner<br>Test method: Runs Cucumber Scenarios<br>Parameters: "create new account successfully", "Register | user creates new account to the system"</td>
<td></td>
<td>20</td>
<td>org.example.TestRunner.TestRunner@29176cc1</td></tr>
<tr>
<td title='org.example.TestRunner.TestRunner.runScenario()'><b>runScenario</b><br>Test class: org.example.TestRunner.TestRunner<br>Test method: Runs Cucumber Scenarios<br>Parameters: "user hover on category and choose a category or a subcategories", "Categories | user hover on category and choose a category or a subcategory"</td>
<td></td>
<td>15</td>
<td>org.example.TestRunner.TestRunner@29176cc1</td></tr>
<tr>
<td title='org.example.TestRunner.TestRunner.runScenario()'><b>runScenario</b><br>Test class: org.example.TestRunner.TestRunner<br>Test method: Runs Cucumber Scenarios<br>Parameters: "user opens facebook link", "FollowUs | check the functionality for followUp buttons"</td>
<td></td>
<td>28</td>
<td>org.example.TestRunner.TestRunner@29176cc1</td></tr>
<tr>
<td title='org.example.TestRunner.TestRunner.runScenario()'><b>runScenario</b><br>Test class: org.example.TestRunner.TestRunner<br>Test method: Runs Cucumber Scenarios<br>Parameters: "Check that a product has been added to wishlist", "Wishlist | check wishlist functionality"</td>
<td></td>
<td>16</td>
<td>org.example.TestRunner.TestRunner@29176cc1</td></tr>
<tr>
<td title='org.example.TestRunner.TestRunner.runScenario()'><b>runScenario</b><br>Test class: org.example.TestRunner.TestRunner<br>Test method: Runs Cucumber Scenarios<br>Parameters: "user login with invalid email and password", "Login | user login to his account"</td>
<td></td>
<td>12</td>
<td>org.example.TestRunner.TestRunner@29176cc1</td></tr>
<tr>
<td title='org.example.TestRunner.TestRunner.runScenario()'><b>runScenario</b><br>Test class: org.example.TestRunner.TestRunner<br>Test method: Runs Cucumber Scenarios<br>Parameters: "user searches using product name", "Search | user searches for different products"</td>
<td></td>
<td>14</td>
<td>org.example.TestRunner.TestRunner@29176cc1</td></tr>
<tr>
<td title='org.example.TestRunner.TestRunner.runScenario()'><b>runScenario</b><br>Test class: org.example.TestRunner.TestRunner<br>Test method: Runs Cucumber Scenarios<br>Parameters: "user opens twitter link", "FollowUs | check the functionality for followUp buttons"</td>
<td></td>
<td>14</td>
<td>org.example.TestRunner.TestRunner@29176cc1</td></tr>
<tr>
<td title='org.example.TestRunner.TestRunner.runScenario()'><b>runScenario</b><br>Test class: org.example.TestRunner.TestRunner<br>Test method: Runs Cucumber Scenarios<br>Parameters: "user change the currency to euro", "Currencies | user change the currency from dollar to euro"</td>
<td></td>
<td>13</td>
<td>org.example.TestRunner.TestRunner@29176cc1</td></tr>
<tr>
<td title='org.example.TestRunner.TestRunner.runScenario()'><b>runScenario</b><br>Test class: org.example.TestRunner.TestRunner<br>Test method: Runs Cucumber Scenarios<br>Parameters: "User adds item to wishlist", "Wishlist | check wishlist functionality"</td>
<td></td>
<td>10</td>
<td>org.example.TestRunner.TestRunner@29176cc1</td></tr>
<tr>
<td title='org.example.TestRunner.TestRunner.runScenario()'><b>runScenario</b><br>Test class: org.example.TestRunner.TestRunner<br>Test method: Runs Cucumber Scenarios<br>Parameters: "user searches using product serial number", "Search | user searches for different products"</td>
<td></td>
<td>15</td>
<td>org.example.TestRunner.TestRunner@29176cc1</td></tr>
<tr>
<td title='org.example.TestRunner.TestRunner.runScenario()'><b>runScenario</b><br>Test class: org.example.TestRunner.TestRunner<br>Test method: Runs Cucumber Scenarios<br>Parameters: "user searches using product serial number", "Search | user searches for different products"</td>
<td></td>
<td>14</td>
<td>org.example.TestRunner.TestRunner@29176cc1</td></tr>
<tr>
<td title='org.example.TestRunner.TestRunner.runScenario()'><b>runScenario</b><br>Test class: org.example.TestRunner.TestRunner<br>Test method: Runs Cucumber Scenarios<br>Parameters: "user searches using product name", "Search | user searches for different products"</td>
<td></td>
<td>12</td>
<td>org.example.TestRunner.TestRunner@29176cc1</td></tr>
<tr>
<td title='org.example.TestRunner.TestRunner.runScenario()'><b>runScenario</b><br>Test class: org.example.TestRunner.TestRunner<br>Test method: Runs Cucumber Scenarios<br>Parameters: "user enters invalid email", "ForgetPassword | user reset his password"</td>
<td></td>
<td>13</td>
<td>org.example.TestRunner.TestRunner@29176cc1</td></tr>
</table><p>
</body>
</html>