<?xml version="1.0" encoding="UTF-8"?>
<!-- Generated by org.testng.reporters.JUnitReportReporter -->
<testsuite hostname="DESKTOP-10QD2JT" failures="2" tests="19" name="org.example.TestRunner.TestRunner" time="302.685" errors="1" timestamp="2023-01-10T06:30:04 EET" skipped="0">
  <testcase classname="org.example.TestRunner.TestRunner" name="runScenario" time="11.984"/>
  <system-out/>
  <testcase classname="org.example.TestRunner.TestRunner" name="runScenario" time="34.787"/>
  <system-out/>
  <testcase classname="org.example.TestRunner.TestRunner" name="runScenario" time="13.551">
    <error message="Index 1 out of bounds for length 1" type="java.lang.IndexOutOfBoundsException">
      <![CDATA[java.lang.IndexOutOfBoundsException: Index 1 out of bounds for length 1
at java.base/jdk.internal.util.Preconditions.outOfBounds(Preconditions.java:100)
at java.base/jdk.internal.util.Preconditions.outOfBoundsCheckIndex(Preconditions.java:106)
at java.base/jdk.internal.util.Preconditions.checkIndex(Preconditions.java:302)
at java.base/java.util.Objects.checkIndex(Objects.java:385)
at java.base/java.util.ArrayList.get(ArrayList.java:427)
at org.example.Steps.S08_FollowUs.newTab(S08_FollowUs.java:40)
at ✽."https://demo.nopcommerce.com/new-online-store-is-open" is opened in new tab(file:///C:/Users/basma/IdeaProjects/E-CommerceWebsite/src/main/resources/Features/F08_FollowUs.feature:14)
]]>
    </error>
  </testcase> <!-- runScenario -->
  <system-out/>
  <testcase classname="org.example.TestRunner.TestRunner" name="runScenario" time="14.947"/>
  <system-out/>
  <testcase classname="org.example.TestRunner.TestRunner" name="runScenario" time="20.377"/>
  <system-out/>
  <testcase classname="org.example.TestRunner.TestRunner" name="runScenario" time="15.462"/>
  <system-out/>
  <testcase classname="org.example.TestRunner.TestRunner" name="runScenario" time="28.357"/>
  <system-out/>
  <testcase classname="org.example.TestRunner.TestRunner" name="runScenario" time="16.018"/>
  <system-out/>
  <testcase classname="org.example.TestRunner.TestRunner" name="runScenario" time="12.091"/>
  <system-out/>
  <testcase classname="org.example.TestRunner.TestRunner" name="runScenario" time="14.156"/>
  <system-out/>
  <testcase classname="org.example.TestRunner.TestRunner" name="runScenario" time="14.969"/>
  <system-out/>
  <testcase classname="org.example.TestRunner.TestRunner" name="runScenario" time="13.572"/>
  <system-out/>
  <testcase classname="org.example.TestRunner.TestRunner" name="runScenario" time="10.739"/>
  <system-out/>
  <testcase classname="org.example.TestRunner.TestRunner" name="runScenario" time="12.886">
    <failure message="Open iPhone Slider Page expected [https://demo.nopcommerce.com/] but found [https://demo.nopcommerce.com/iphone-6]" type="java.lang.AssertionError">
      <![CDATA[java.lang.AssertionError: Open iPhone Slider Page expected [https://demo.nopcommerce.com/] but found [https://demo.nopcommerce.com/iphone-6]
at org.testng.Assert.fail(Assert.java:110)
at org.testng.Assert.failNotEquals(Assert.java:1577)
at org.testng.Assert.assertEqualsImpl(Assert.java:149)
at org.testng.Assert.assertEquals(Assert.java:131)
at org.testng.Assert.assertEquals(Assert.java:655)
at org.example.Steps.S07_HomeSliders.openIPhone(S07_HomeSliders.java:37)
at ✽.iPhone page will open(file:///C:/Users/basma/IdeaProjects/E-CommerceWebsite/src/main/resources/Features/F07_HomeSliders.feature:10)
]]>
    </failure>
  </testcase> <!-- runScenario -->
  <system-out/>
  <testcase classname="org.example.TestRunner.TestRunner" name="runScenario" time="13.187">
    <failure message="Open Nokia SLider Page expected [https://demo.nopcommerce.com/] but found [https://demo.nopcommerce.com/nokia-lumia-1020]" type="java.lang.AssertionError">
      <![CDATA[java.lang.AssertionError: Open Nokia SLider Page expected [https://demo.nopcommerce.com/] but found [https://demo.nopcommerce.com/nokia-lumia-1020]
at org.testng.Assert.fail(Assert.java:110)
at org.testng.Assert.failNotEquals(Assert.java:1577)
at org.testng.Assert.assertEqualsImpl(Assert.java:149)
at org.testng.Assert.assertEquals(Assert.java:131)
at org.testng.Assert.assertEquals(Assert.java:655)
at org.example.Steps.S07_HomeSliders.openNokia(S07_HomeSliders.java:24)
at ✽.nokia page will open(file:///C:/Users/basma/IdeaProjects/E-CommerceWebsite/src/main/resources/Features/F07_HomeSliders.feature:6)
]]>
    </failure>
  </testcase> <!-- runScenario -->
  <system-out/>
  <testcase classname="org.example.TestRunner.TestRunner" name="runScenario" time="15.456"/>
  <system-out/>
  <testcase classname="org.example.TestRunner.TestRunner" name="runScenario" time="14.312"/>
  <system-out/>
  <testcase classname="org.example.TestRunner.TestRunner" name="runScenario" time="12.492"/>
  <system-out/>
  <testcase classname="org.example.TestRunner.TestRunner" name="runScenario" time="13.342"/>
  <system-out/>
</testsuite> <!-- org.example.TestRunner.TestRunner -->
